<?xml version="1.0" encoding="UTF-8"?>
<!-- Generated by org.testng.reporters.JUnitXMLReporter -->
<testsuite ignored="0" hostname="VEER" failures="0" tests="18" name="Test" time="822.131" errors="0" timestamp="2024-08-03T17:13:04 IST">
  <testcase classname="airLine.final_Project2.TestCase08" name="seatSelection" time="37.592"/>
  <testcase classname="airLine.final_Project2.TestCase09" name="multiplePassengers" time="20.641"/>
  <testcase classname="airLine.final_Project2.TestCase02" name="verifyLogin" time="4.491"/>
  <testcase classname="airLine.final_Project2.TestCase13" name="validateCoupon" time="29.13"/>
  <testcase classname="airLine.final_Project2.TestCase03" name="login_usingInvalidCredentials" time="4.777"/>
  <testcase classname="airLine.final_Project2.TestCase14" name="domestiCRoundTrip" time="12.806"/>
  <testcase classname="airLine.final_Project2.TestCase11" name="validations2" time="36.526"/>
  <testcase classname="airLine.final_Project2.TestCase01" name="registration" time="2.087"/>
  <testcase classname="airLine.final_Project2.TestCase12" name="loginSearCHLogout" time="7.536">
    <skipped/>
  </testcase> <!-- loginSearCHLogout -->
  <testcase classname="airLine.final_Project2.TestCase12" name="loginSearCHLogout" time="31.44">
    <skipped/>
  </testcase> <!-- loginSearCHLogout -->
  <testcase classname="airLine.final_Project2.TestCase12" name="loginSearCHLogout" time="32.323">
    <skipped/>
  </testcase> <!-- loginSearCHLogout -->
  <testcase classname="airLine.final_Project2.TestCase12" name="loginSearCHLogout" time="47.566"/>
  <testcase classname="airLine.final_Project2.TestCase06" name="economyBussinessFirstClass" time="38.059"/>
  <testcase classname="airLine.final_Project2.TestCase07" name="multiCityFlight" time="13.709"/>
  <testcase classname="airLine.final_Project2.TestCase04" name="oneWayTrip" time="16.957"/>
  <testcase classname="airLine.final_Project2.TestCase15" name="validatePayments" time="37.799"/>
  <testcase classname="airLine.final_Project2.TestCase05" name="roundTrip" time="11.88"/>
  <testcase classname="airLine.final_Project2.TestCase10" name="validations" time="35.84"/>
</testsuite> <!-- Test -->
