<?xml version="1.0" encoding="UTF-8"?>
<!-- Generated by org.testng.reporters.JUnitXMLReporter -->
<testsuite ignored="0" hostname="VEER" failures="0" tests="2" name="TestOnChrome" time="170.411" errors="0" timestamp="2024-07-23T19:54:59 IST">
  <testcase classname="Project1_Amazon.final_Project.TestCase01" name="register_on_Amazon" time="39.094">
    <skipped/>
  </testcase> <!-- register_on_Amazon -->
  <testcase classname="Project1_Amazon.final_Project.TestCase01" name="register_on_Amazon" time="15.712"/>
</testsuite> <!-- TestOnChrome -->
