<?xml version="1.0" encoding="UTF-8"?>
<!-- Generated by org.testng.reporters.JUnitXMLReporter -->
<testsuite ignored="0" hostname="VEER" failures="0" tests="4" name="TestOnFirefox" time="103.152" errors="0" timestamp="2024-07-24T19:02:42 IST">
  <testcase classname="Project1_Amazon.final_Project.TestCase02" name="login_to_amazon" time="1.02">
    <skipped/>
  </testcase> <!-- login_to_amazon -->
  <testcase classname="Project1_Amazon.final_Project.TestCase02" name="login_to_amazon" time="4.3">
    <skipped/>
  </testcase> <!-- login_to_amazon -->
  <testcase classname="Project1_Amazon.final_Project.TestCase02" name="login_to_amazon" time="0.944">
    <skipped/>
  </testcase> <!-- login_to_amazon -->
  <testcase classname="Project1_Amazon.final_Project.TestCase02" name="login_to_amazon" time="10.458"/>
</testsuite> <!-- TestOnFirefox -->
