<?xml version="1.0" encoding="UTF-8"?>
<testng-results ignored="0" total="1" passed="1" failed="0" skipped="0">
  <reporter-output>
    <line>
      <![CDATA[Test case Ppassed]]>
    </line>
  </reporter-output>
  <suite started-at="2024-07-25T08:28:32 IST" name="Suite" finished-at="2024-07-25T08:29:08 IST" duration-ms="35681">
    <groups>
    </groups>
    <test started-at="2024-07-25T08:28:32 IST" name="TestOnChrome" finished-at="2024-07-25T08:29:08 IST" duration-ms="35681">
      <class name="Project1_Amazon.final_Project.TestCase15">
        <test-method is-config="true" signature="launch(java.lang.String)[pri:0, instance:Project1_Amazon.final_Project.TestCase15@1af2d44a]" started-at="2024-07-25T08:28:32 IST" name="launch" finished-at="2024-07-25T08:28:44 IST" duration-ms="12116" status="PASS">
          <params>
            <param index="0">
              <value>
                <![CDATA[chrome]]>
              </value>
            </param>
          </params>
          <reporter-output>
          </reporter-output>
        </test-method> <!-- launch -->
        <test-method signature="productDetsils()[pri:0, instance:Project1_Amazon.final_Project.TestCase15@1af2d44a]" started-at="2024-07-25T08:28:44 IST" name="productDetsils" finished-at="2024-07-25T08:29:07 IST" duration-ms="22726" status="PASS">
          <reporter-output>
            <line>
              <![CDATA[Test case Ppassed]]>
            </line>
          </reporter-output>
        </test-method> <!-- productDetsils -->
        <test-method is-config="true" signature="quit()[pri:0, instance:Project1_Amazon.final_Project.TestCase15@1af2d44a]" started-at="2024-07-25T08:29:08 IST" name="quit" finished-at="2024-07-25T08:29:08 IST" duration-ms="1" status="PASS">
          <reporter-output>
          </reporter-output>
        </test-method> <!-- quit -->
      </class> <!-- Project1_Amazon.final_Project.TestCase15 -->
    </test> <!-- TestOnChrome -->
  </suite> <!-- Suite -->
</testng-results>
