<?xml version="1.0" encoding="UTF-8"?>
<testng-results retried="1" ignored="0" total="4" passed="3" failed="0" skipped="0">
  <reporter-output>
    <line>
      <![CDATA[Test case Ppassed]]>
    </line>
    <line>
      <![CDATA[Test case Ppassed]]>
    </line>
    <line>
      <![CDATA[Test case Ppassed]]>
    </line>
  </reporter-output>
  <suite started-at="2024-07-23T19:52:08 IST" name="Suite" finished-at="2024-07-23T19:54:59 IST" duration-ms="170411">
    <groups>
    </groups>
    <test started-at="2024-07-23T19:52:08 IST" name="TestOnFirefox" finished-at="2024-07-23T19:54:38 IST" duration-ms="149754">
      <class name="Project1_Amazon.final_Project.TestCase03">
        <test-method is-config="true" signature="launch(java.lang.String)[pri:0, instance:Project1_Amazon.final_Project.TestCase03@229c6181]" started-at="2024-07-23T19:52:09 IST" name="launch" finished-at="2024-07-23T19:53:29 IST" duration-ms="80184" status="PASS">
          <params>
            <param index="0">
              <value>
                <![CDATA[firefox]]>
              </value>
            </param>
          </params>
          <reporter-output>
          </reporter-output>
        </test-method> <!-- launch -->
        <test-method signature="login_to_amazon_usingInvalidCredentials()[pri:0, instance:Project1_Amazon.final_Project.TestCase03@229c6181]" started-at="2024-07-23T19:53:29 IST" name="login_to_amazon_usingInvalidCredentials" finished-at="2024-07-23T19:54:24 IST" duration-ms="55330" status="PASS">
          <reporter-output>
            <line>
              <![CDATA[Test case Ppassed]]>
            </line>
          </reporter-output>
        </test-method> <!-- login_to_amazon_usingInvalidCredentials -->
        <test-method is-config="true" signature="quit()[pri:0, instance:Project1_Amazon.final_Project.TestCase03@229c6181]" started-at="2024-07-23T19:54:38 IST" name="quit" finished-at="2024-07-23T19:54:38 IST" duration-ms="2" status="FAIL">
          <exception class="org.openqa.selenium.WebDriverException">
            <message>
              <![CDATA[java.io.IOException: Output closed
Build info: version: '4.21.0', revision: '79ed462ef4'
System info: os.name: 'Windows 10', os.arch: 'amd64', os.version: '10.0', java.version: '17.0.10'
Driver info: driver.version: ChromiumDriver]]>
            </message>
            <full-stacktrace>
              <![CDATA[org.openqa.selenium.WebDriverException: java.io.IOException: Output closed
Build info: version: '4.21.0', revision: '79ed462ef4'
System info: os.name: 'Windows 10', os.arch: 'amd64', os.version: '10.0', java.version: '17.0.10'
Driver info: driver.version: ChromiumDriver
at org.openqa.selenium.remote.http.jdk.JdkHttpClient$4.send(JdkHttpClient.java:301)
at org.openqa.selenium.remote.http.jdk.JdkHttpClient$4.close(JdkHttpClient.java:320)
at org.openqa.selenium.devtools.Connection.close(Connection.java:226)
at org.openqa.selenium.devtools.DevTools.close(DevTools.java:61)
at java.base/java.util.Optional.ifPresent(Optional.java:178)
at org.openqa.selenium.remote.RemoteWebDriver.quit(RemoteWebDriver.java:426)
at org.openqa.selenium.chromium.ChromiumDriver.quit(ChromiumDriver.java:435)
at Project1_Amazon.final_Project.LaunchnQuit.quit(LaunchnQuit.java:41)
at java.base/jdk.internal.reflect.NativeMethodAccessorImpl.invoke0(Native Method)
at java.base/jdk.internal.reflect.NativeMethodAccessorImpl.invoke(NativeMethodAccessorImpl.java:77)
at java.base/jdk.internal.reflect.DelegatingMethodAccessorImpl.invoke(DelegatingMethodAccessorImpl.java:43)
at java.base/java.lang.reflect.Method.invoke(Method.java:568)
at org.testng.internal.MethodInvocationHelper.invokeMethod(MethodInvocationHelper.java:133)
at org.testng.internal.MethodInvocationHelper.invokeMethodConsideringTimeout(MethodInvocationHelper.java:62)
at org.testng.internal.ConfigInvoker.invokeConfigurationMethod(ConfigInvoker.java:385)
at org.testng.internal.ConfigInvoker.invokeConfigurations(ConfigInvoker.java:321)
at org.testng.internal.TestInvoker.runConfigMethods(TestInvoker.java:700)
at org.testng.internal.TestInvoker.runAfterGroupsConfigurations(TestInvoker.java:676)
at org.testng.internal.TestInvoker.invokeMethod(TestInvoker.java:660)
at org.testng.internal.TestInvoker.invokeTestMethod(TestInvoker.java:173)
at org.testng.internal.MethodRunner.runInSequence(MethodRunner.java:46)
at org.testng.internal.TestInvoker$MethodInvocationAgent.invoke(TestInvoker.java:824)
at org.testng.internal.TestInvoker.invokeTestMethods(TestInvoker.java:146)
at org.testng.internal.TestMethodWorker.invokeTestMethods(TestMethodWorker.java:146)
at org.testng.internal.TestMethodWorker.run(TestMethodWorker.java:128)
at java.base/java.util.ArrayList.forEach(ArrayList.java:1511)
at org.testng.TestRunner.privateRun(TestRunner.java:794)
at org.testng.TestRunner.run(TestRunner.java:596)
at org.testng.SuiteRunner.runTest(SuiteRunner.java:377)
at org.testng.SuiteRunner.access$000(SuiteRunner.java:28)
at org.testng.SuiteRunner$SuiteWorker.run(SuiteRunner.java:418)
at org.testng.internal.thread.ThreadUtil.lambda$execute$0(ThreadUtil.java:64)
at java.base/java.util.concurrent.FutureTask.run(FutureTask.java:264)
at java.base/java.util.concurrent.ThreadPoolExecutor.runWorker(ThreadPoolExecutor.java:1136)
at java.base/java.util.concurrent.ThreadPoolExecutor$Worker.run(ThreadPoolExecutor.java:635)
at java.base/java.lang.Thread.run(Thread.java:840)
Caused by: java.io.IOException: Output closed
at java.net.http/jdk.internal.net.http.websocket.WebSocketImpl.sendClose(WebSocketImpl.java:313)
at org.openqa.selenium.remote.http.jdk.JdkHttpClient$4.lambda$send$2(JdkHttpClient.java:280)
at org.openqa.selenium.remote.http.jdk.JdkHttpClient$4.send(JdkHttpClient.java:291)
... 35 more
]]>
            </full-stacktrace>
          </exception> <!-- org.openqa.selenium.WebDriverException -->
          <reporter-output>
          </reporter-output>
        </test-method> <!-- quit -->
      </class> <!-- Project1_Amazon.final_Project.TestCase03 -->
    </test> <!-- TestOnFirefox -->
    <test started-at="2024-07-23T19:52:08 IST" name="TestOnEdge" finished-at="2024-07-23T19:54:52 IST" duration-ms="163519">
      <class name="Project1_Amazon.final_Project.TestCase02">
        <test-method is-config="true" signature="launch(java.lang.String)[pri:0, instance:Project1_Amazon.final_Project.TestCase02@7b36aa0c]" started-at="2024-07-23T19:52:09 IST" name="launch" finished-at="2024-07-23T19:53:00 IST" duration-ms="51202" status="PASS">
          <params>
            <param index="0">
              <value>
                <![CDATA[edge]]>
              </value>
            </param>
          </params>
          <reporter-output>
          </reporter-output>
        </test-method> <!-- launch -->
        <test-method signature="login_to_amazon()[pri:0, instance:Project1_Amazon.final_Project.TestCase02@7b36aa0c]" started-at="2024-07-23T19:53:00 IST" name="login_to_amazon" finished-at="2024-07-23T19:54:10 IST" duration-ms="70412" status="PASS">
          <reporter-output>
            <line>
              <![CDATA[Test case Ppassed]]>
            </line>
          </reporter-output>
        </test-method> <!-- login_to_amazon -->
        <test-method is-config="true" signature="quit()[pri:0, instance:Project1_Amazon.final_Project.TestCase02@7b36aa0c]" started-at="2024-07-23T19:54:38 IST" name="quit" finished-at="2024-07-23T19:54:52 IST" duration-ms="13831" status="PASS">
          <reporter-output>
          </reporter-output>
        </test-method> <!-- quit -->
      </class> <!-- Project1_Amazon.final_Project.TestCase02 -->
    </test> <!-- TestOnEdge -->
    <test started-at="2024-07-23T19:52:08 IST" name="TestOnChrome" finished-at="2024-07-23T19:54:59 IST" duration-ms="170411">
      <class name="Project1_Amazon.final_Project.TestCase01">
        <test-method is-config="true" signature="launch(java.lang.String)[pri:0, instance:Project1_Amazon.final_Project.TestCase01@543588e6]" started-at="2024-07-23T19:52:09 IST" name="launch" finished-at="2024-07-23T19:53:05 IST" duration-ms="56630" status="PASS">
          <params>
            <param index="0">
              <value>
                <![CDATA[chrome]]>
              </value>
            </param>
          </params>
          <reporter-output>
          </reporter-output>
        </test-method> <!-- launch -->
        <test-method retried="true" signature="register_on_Amazon()[pri:0, instance:Project1_Amazon.final_Project.TestCase01@543588e6]" started-at="2024-07-23T19:53:05 IST" name="register_on_Amazon" finished-at="2024-07-23T19:53:44 IST" duration-ms="39094" status="SKIP">
          <exception class="org.openqa.selenium.NoSuchElementException">
            <message>
              <![CDATA[no such element: Unable to locate element: {"method":"css selector","selector":"#intention\-submit\-button"}
  (Session info: chrome=126.0.6478.182)
For documentation on this error, please visit: https://www.selenium.dev/documentation/webdriver/troubleshooting/errors#no-such-element-exception
Build info: version: '4.21.0', revision: '79ed462ef4'
System info: os.name: 'Windows 10', os.arch: 'amd64', os.version: '10.0', java.version: '17.0.10'
Driver info: org.openqa.selenium.chrome.ChromeDriver
Command: [b14e9d16aa4adcfeac31ac883988c39d, findElement {using=id, value=intention-submit-button}]
Capabilities {acceptInsecureCerts: false, browserName: chrome, browserVersion: 126.0.6478.182, chrome: {chromedriverVersion: 126.0.6478.182 (5b5d8292ddf..., userDataDir: C:\Users\admin\AppData\Loca...}, fedcm:accounts: true, goog:chromeOptions: {debuggerAddress: localhost:49762}, networkConnectionEnabled: false, pageLoadStrategy: normal, platformName: windows, proxy: Proxy(), se:cdp: ws://localhost:49762/devtoo..., se:cdpVersion: 126.0.6478.182, setWindowRect: true, strictFileInteractability: false, timeouts: {implicit: 0, pageLoad: 300000, script: 30000}, unhandledPromptBehavior: dismiss and notify, webauthn:extension:credBlob: true, webauthn:extension:largeBlob: true, webauthn:extension:minPinLength: true, webauthn:extension:prf: true, webauthn:virtualAuthenticators: true}
Session ID: b14e9d16aa4adcfeac31ac883988c39d]]>
            </message>
            <full-stacktrace>
              <![CDATA[org.openqa.selenium.NoSuchElementException: no such element: Unable to locate element: {"method":"css selector","selector":"#intention\-submit\-button"}
  (Session info: chrome=126.0.6478.182)
For documentation on this error, please visit: https://www.selenium.dev/documentation/webdriver/troubleshooting/errors#no-such-element-exception
Build info: version: '4.21.0', revision: '79ed462ef4'
System info: os.name: 'Windows 10', os.arch: 'amd64', os.version: '10.0', java.version: '17.0.10'
Driver info: org.openqa.selenium.chrome.ChromeDriver
Command: [b14e9d16aa4adcfeac31ac883988c39d, findElement {using=id, value=intention-submit-button}]
Capabilities {acceptInsecureCerts: false, browserName: chrome, browserVersion: 126.0.6478.182, chrome: {chromedriverVersion: 126.0.6478.182 (5b5d8292ddf..., userDataDir: C:\Users\admin\AppData\Loca...}, fedcm:accounts: true, goog:chromeOptions: {debuggerAddress: localhost:49762}, networkConnectionEnabled: false, pageLoadStrategy: normal, platformName: windows, proxy: Proxy(), se:cdp: ws://localhost:49762/devtoo..., se:cdpVersion: 126.0.6478.182, setWindowRect: true, strictFileInteractability: false, timeouts: {implicit: 0, pageLoad: 300000, script: 30000}, unhandledPromptBehavior: dismiss and notify, webauthn:extension:credBlob: true, webauthn:extension:largeBlob: true, webauthn:extension:minPinLength: true, webauthn:extension:prf: true, webauthn:virtualAuthenticators: true}
Session ID: b14e9d16aa4adcfeac31ac883988c39d
at java.base/jdk.internal.reflect.NativeConstructorAccessorImpl.newInstance0(Native Method)
at java.base/jdk.internal.reflect.NativeConstructorAccessorImpl.newInstance(NativeConstructorAccessorImpl.java:77)
at java.base/jdk.internal.reflect.DelegatingConstructorAccessorImpl.newInstance(DelegatingConstructorAccessorImpl.java:45)
at java.base/java.lang.reflect.Constructor.newInstanceWithCaller(Constructor.java:499)
at java.base/java.lang.reflect.Constructor.newInstance(Constructor.java:480)
at org.openqa.selenium.remote.ErrorCodec.decode(ErrorCodec.java:167)
at org.openqa.selenium.remote.codec.w3c.W3CHttpResponseCodec.decode(W3CHttpResponseCodec.java:138)
at org.openqa.selenium.remote.codec.w3c.W3CHttpResponseCodec.decode(W3CHttpResponseCodec.java:50)
at org.openqa.selenium.remote.HttpCommandExecutor.execute(HttpCommandExecutor.java:190)
at org.openqa.selenium.remote.service.DriverCommandExecutor.invokeExecute(DriverCommandExecutor.java:216)
at org.openqa.selenium.remote.service.DriverCommandExecutor.execute(DriverCommandExecutor.java:174)
at org.openqa.selenium.remote.RemoteWebDriver.execute(RemoteWebDriver.java:518)
at org.openqa.selenium.remote.ElementLocation$ElementFinder$2.findElement(ElementLocation.java:165)
at org.openqa.selenium.remote.ElementLocation.findElement(ElementLocation.java:59)
at org.openqa.selenium.remote.RemoteWebDriver.findElement(RemoteWebDriver.java:355)
at org.openqa.selenium.remote.RemoteWebDriver.findElement(RemoteWebDriver.java:349)
at org.openqa.selenium.support.pagefactory.DefaultElementLocator.findElement(DefaultElementLocator.java:68)
at org.openqa.selenium.support.pagefactory.internal.LocatingElementHandler.invoke(LocatingElementHandler.java:38)
at jdk.proxy2/jdk.proxy2.$Proxy14.click(Unknown Source)
at Project1_Amazon.final_Project.Amazon_Registraion_Page.proceedToCreateAccount(Amazon_Registraion_Page.java:52)
at Project1_Amazon.final_Project.TestCase01.register_on_Amazon(TestCase01.java:34)
at java.base/jdk.internal.reflect.NativeMethodAccessorImpl.invoke0(Native Method)
at java.base/jdk.internal.reflect.NativeMethodAccessorImpl.invoke(NativeMethodAccessorImpl.java:77)
at java.base/jdk.internal.reflect.DelegatingMethodAccessorImpl.invoke(DelegatingMethodAccessorImpl.java:43)
at java.base/java.lang.reflect.Method.invoke(Method.java:568)
at org.testng.internal.MethodInvocationHelper.invokeMethod(MethodInvocationHelper.java:133)
at org.testng.internal.TestInvoker.invokeMethod(TestInvoker.java:598)
at org.testng.internal.TestInvoker.invokeTestMethod(TestInvoker.java:173)
at org.testng.internal.MethodRunner.runInSequence(MethodRunner.java:46)
at org.testng.internal.TestInvoker$MethodInvocationAgent.invoke(TestInvoker.java:824)
at org.testng.internal.TestInvoker.invokeTestMethods(TestInvoker.java:146)
at org.testng.internal.TestMethodWorker.invokeTestMethods(TestMethodWorker.java:146)
at org.testng.internal.TestMethodWorker.run(TestMethodWorker.java:128)
at java.base/java.util.ArrayList.forEach(ArrayList.java:1511)
at org.testng.TestRunner.privateRun(TestRunner.java:794)
at org.testng.TestRunner.run(TestRunner.java:596)
at org.testng.SuiteRunner.runTest(SuiteRunner.java:377)
at org.testng.SuiteRunner.access$000(SuiteRunner.java:28)
at org.testng.SuiteRunner$SuiteWorker.run(SuiteRunner.java:418)
at org.testng.internal.thread.ThreadUtil.lambda$execute$0(ThreadUtil.java:64)
at java.base/java.util.concurrent.FutureTask.run(FutureTask.java:264)
at java.base/java.util.concurrent.ThreadPoolExecutor.runWorker(ThreadPoolExecutor.java:1136)
at java.base/java.util.concurrent.ThreadPoolExecutor$Worker.run(ThreadPoolExecutor.java:635)
at java.base/java.lang.Thread.run(Thread.java:840)
]]>
            </full-stacktrace>
          </exception> <!-- org.openqa.selenium.NoSuchElementException -->
          <reporter-output>
          </reporter-output>
        </test-method> <!-- register_on_Amazon -->
        <test-method is-config="true" signature="quit()[pri:0, instance:Project1_Amazon.final_Project.TestCase01@543588e6]" started-at="2024-07-23T19:53:44 IST" name="quit" finished-at="2024-07-23T19:53:49 IST" duration-ms="4819" status="PASS">
          <reporter-output>
          </reporter-output>
        </test-method> <!-- quit -->
        <test-method is-config="true" signature="launch(java.lang.String)[pri:0, instance:Project1_Amazon.final_Project.TestCase01@543588e6]" started-at="2024-07-23T19:53:49 IST" name="launch" finished-at="2024-07-23T19:54:35 IST" duration-ms="46144" status="PASS">
          <params>
            <param index="0">
              <value>
                <![CDATA[chrome]]>
              </value>
            </param>
          </params>
          <reporter-output>
          </reporter-output>
        </test-method> <!-- launch -->
        <test-method signature="register_on_Amazon()[pri:0, instance:Project1_Amazon.final_Project.TestCase01@543588e6]" started-at="2024-07-23T19:54:35 IST" name="register_on_Amazon" finished-at="2024-07-23T19:54:51 IST" duration-ms="15712" status="PASS">
          <reporter-output>
            <line>
              <![CDATA[Test case Ppassed]]>
            </line>
          </reporter-output>
        </test-method> <!-- register_on_Amazon -->
        <test-method is-config="true" signature="quit()[pri:0, instance:Project1_Amazon.final_Project.TestCase01@543588e6]" started-at="2024-07-23T19:54:51 IST" name="quit" finished-at="2024-07-23T19:54:59 IST" duration-ms="7609" status="PASS">
          <reporter-output>
          </reporter-output>
        </test-method> <!-- quit -->
      </class> <!-- Project1_Amazon.final_Project.TestCase01 -->
    </test> <!-- TestOnChrome -->
  </suite> <!-- Suite -->
</testng-results>
