<?xml version="1.0" encoding="UTF-8"?>
<!-- Generated by org.testng.reporters.JUnitXMLReporter -->
<testsuite ignored="0" hostname="VEER" failures="0" tests="16" name="TestOnChrome" time="576.457" errors="0" timestamp="2024-08-07T07:35:16 IST">
  <testcase classname="airLine.final_Project2.TestCase01" name="registration" time="5.384"/>
  <testcase classname="airLine.final_Project2.TestCase02" name="verifyLogin" time="4.441"/>
  <testcase classname="airLine.final_Project2.TestCase03" name="login_usingInvalidCredentials" time="4.227"/>
  <testcase classname="airLine.final_Project2.TestCase04" name="oneWayTrip" time="10.777"/>
  <testcase classname="airLine.final_Project2.TestCase05" name="roundTrip" time="11.61"/>
  <testcase classname="airLine.final_Project2.TestCase06" name="economyBussinessFirstClass" time="2.883">
    <skipped/>
  </testcase> <!-- economyBussinessFirstClass -->
  <testcase classname="airLine.final_Project2.TestCase06" name="economyBussinessFirstClass" time="12.054"/>
  <testcase classname="airLine.final_Project2.TestCase07" name="multiCityFlight" time="14.379"/>
  <testcase classname="airLine.final_Project2.TestCase08" name="seatSelection" time="26.921"/>
  <testcase classname="airLine.final_Project2.TestCase09" name="multiplePassengers" time="18.756"/>
  <testcase classname="airLine.final_Project2.TestCase10" name="validations" time="25.018"/>
  <testcase classname="airLine.final_Project2.TestCase11" name="validations2" time="27.649"/>
  <testcase classname="airLine.final_Project2.TestCase12" name="loginSearCHLogout" time="30.773"/>
  <testcase classname="airLine.final_Project2.TestCase13" name="validateCoupon" time="26.299"/>
  <testcase classname="airLine.final_Project2.TestCase14" name="domestiCRoundTrip" time="11.521"/>
  <testcase classname="airLine.final_Project2.TestCase15" name="validatePayments" time="50.034"/>
</testsuite> <!-- TestOnChrome -->
